<?xml version="1.0" encoding="UTF-8"?>
<!-- Generated by org.testng.reporters.JUnitXMLReporter -->
<testsuite ignored="2" hostname="LAPTOP-C7HAQ6P8" failures="2" tests="2" name="Surefire test" time="4.449" errors="0" timestamp="2026-02-08T22:54:04 GMT+07:00">
  <testcase classname="ctflearn.com.tests.challenges.CreateChallengesTests" name="TC_UI_02_CreateChallenge_MissingTitle" time="0.077">
    <failure type="java.lang.NullPointerException" message="Cannot invoke &amp;quot;ctflearn.common.pages.LoginPage.logIntoApplication(String, String)&amp;quot; because &amp;quot;this.loginPage&amp;quot; is null">
      <![CDATA[java.lang.NullPointerException: Cannot invoke "ctflearn.common.pages.LoginPage.logIntoApplication(String, String)" because "this.loginPage" is null
at ctflearn.com.tests.challenges.CreateChallengesTests.TC_UI_02_CreateChallenge_MissingTitle(CreateChallengesTests.java:33)
at java.base/java.util.ArrayList.forEach(ArrayList.java:1604)
... Removed 30 stack frames]]>
    </failure>
  </testcase> <!-- TC_UI_02_CreateChallenge_MissingTitle -->
  <testcase classname="ctflearn.com.tests.login.LoginTests" name="testLoginSucess" time="0.009">
    <failure type="java.lang.NullPointerException" message="Cannot invoke &amp;quot;ctflearn.common.pages.LoginPage.clickLogin()&amp;quot; because &amp;quot;this.loginPage&amp;quot; is null">
      <![CDATA[java.lang.NullPointerException: Cannot invoke "ctflearn.common.pages.LoginPage.clickLogin()" because "this.loginPage" is null
at ctflearn.com.tests.login.LoginTests.testLoginSucess(LoginTests.java:10)
at java.base/java.util.ArrayList.forEach(ArrayList.java:1604)
... Removed 30 stack frames]]>
    </failure>
  </testcase> <!-- testLoginSucess -->
  <testcase classname="ctflearn.com.base.BaseTest" name="@BeforeTest setUp" time="0.0">
    <ignored/>
  </testcase> <!-- @BeforeTest setUp -->
  <testcase classname="ctflearn.com.base.BaseTest" name="@BeforeTest setUp" time="0.0">
    <ignored/>
  </testcase> <!-- @BeforeTest setUp -->
</testsuite> <!-- Surefire test -->
