{"uid":"12029c941b2063e5","name":"Create challenge not successfully","fullName":"ctflearn.com.tests.challenges.CreateChallengesTests.TC_UI_02_CreateChallenge_MissingTitle","historyId":"c6c077ac29f756f8dd3cfb974e260c65","time":{"start":1770570273133,"stop":1770570289062,"duration":15929},"description":"Verify that user cannot create a challenge missing title","descriptionHtml":"<p>Verify that user cannot create a challenge missing title</p>\n","status":"broken","statusMessage":"Expected condition failed: waiting for visibility of element located by By.xpath: //div[normalize-space()='Challenge with this title already exists.'] (tried for 10 second(s) with 500 milliseconds interval)\nBuild info: version: '4.39.0', revision: '126f156aee'\nSystem info: os.name: 'Windows 11', os.arch: 'amd64', os.version: '10.0', java.version: '24'\nDriver info: org.openqa.selenium.chrome.ChromeDriver\nCapabilities {acceptInsecureCerts: false, browserName: chrome, browserVersion: 144.0.7559.133, chrome: {chromedriverVersion: 144.0.7559.133 (7da823b1d59..., userDataDir: C:\\Users\\ADMIN\\AppData\\Loca...}, fedcm:accounts: true, goog:chromeOptions: {debuggerAddress: localhost:65449}, goog:processID: 25588, networkConnectionEnabled: false, pageLoadStrategy: normal, platformName: windows, proxy: Proxy(), se:cdp: ws://localhost:65449/devtoo..., se:cdpVersion: 144.0.7559.133, setWindowRect: true, strictFileInteractability: false, timeouts: {implicit: 0, pageLoad: 300000, script: 30000}, unhandledPromptBehavior: dismiss and notify, webauthn:extension:credBlob: true, webauthn:extension:largeBlob: true, webauthn:extension:minPinLength: true, webauthn:extension:prf: true, webauthn:virtualAuthenticators: true}\nSession ID: fd576807ecc5c015dfb3bb81ab22954d","statusTrace":"org.openqa.selenium.TimeoutException: Expected condition failed: waiting for visibility of element located by By.xpath: //div[normalize-space()='Challenge with this title already exists.'] (tried for 10 second(s) with 500 milliseconds interval)\nBuild info: version: '4.39.0', revision: '126f156aee'\nSystem info: os.name: 'Windows 11', os.arch: 'amd64', os.version: '10.0', java.version: '24'\nDriver info: org.openqa.selenium.chrome.ChromeDriver\nCapabilities {acceptInsecureCerts: false, browserName: chrome, browserVersion: 144.0.7559.133, chrome: {chromedriverVersion: 144.0.7559.133 (7da823b1d59..., userDataDir: C:\\Users\\ADMIN\\AppData\\Loca...}, fedcm:accounts: true, goog:chromeOptions: {debuggerAddress: localhost:65449}, goog:processID: 25588, networkConnectionEnabled: false, pageLoadStrategy: normal, platformName: windows, proxy: Proxy(), se:cdp: ws://localhost:65449/devtoo..., se:cdpVersion: 144.0.7559.133, setWindowRect: true, strictFileInteractability: false, timeouts: {implicit: 0, pageLoad: 300000, script: 30000}, unhandledPromptBehavior: dismiss and notify, webauthn:extension:credBlob: true, webauthn:extension:largeBlob: true, webauthn:extension:minPinLength: true, webauthn:extension:prf: true, webauthn:virtualAuthenticators: true}\nSession ID: fd576807ecc5c015dfb3bb81ab22954d\r\n\tat org.openqa.selenium.support.ui.WebDriverWait.timeoutException(WebDriverWait.java:84)\r\n\tat org.openqa.selenium.support.ui.FluentWait.until(FluentWait.java:228)\r\n\tat ctflearn.common.pages.BasePage.waitForElementVisible(BasePage.java:25)\r\n\tat ctflearn.common.pages.CreateChallengesPage.isInlineErrorExistTitleDisplayed(CreateChallengesPage.java:41)\r\n\tat ctflearn.com.tests.challenges.CreateChallengesTests.TC_UI_02_CreateChallenge_MissingTitle(CreateChallengesTests.java:50)\r\n\tat java.base/jdk.internal.reflect.DirectMethodHandleAccessor.invoke(DirectMethodHandleAccessor.java:104)\r\n\tat java.base/java.lang.reflect.Method.invoke(Method.java:565)\r\n\tat org.testng.internal.invokers.MethodInvocationHelper.invokeMethod(MethodInvocationHelper.java:141)\r\n\tat org.testng.internal.invokers.TestInvoker.invokeMethod(TestInvoker.java:687)\r\n\tat org.testng.internal.invokers.TestInvoker.invokeTestMethod(TestInvoker.java:230)\r\n\tat org.testng.internal.invokers.MethodRunner.runInSequence(MethodRunner.java:63)\r\n\tat org.testng.internal.invokers.TestInvoker$MethodInvocationAgent.invoke(TestInvoker.java:995)\r\n\tat org.testng.internal.invokers.TestInvoker.invokeTestMethods(TestInvoker.java:203)\r\n\tat org.testng.internal.invokers.TestMethodWorker.invokeTestMethods(TestMethodWorker.java:154)\r\n\tat org.testng.internal.invokers.TestMethodWorker.run(TestMethodWorker.java:134)\r\n\tat java.base/java.util.ArrayList.forEach(ArrayList.java:1604)\r\n\tat org.testng.TestRunner.privateRun(TestRunner.java:741)\r\n\tat org.testng.TestRunner.run(TestRunner.java:616)\r\n\tat org.testng.SuiteRunner.runTest(SuiteRunner.java:421)\r\n\tat org.testng.SuiteRunner.runSequentially(SuiteRunner.java:413)\r\n\tat org.testng.SuiteRunner.privateRun(SuiteRunner.java:373)\r\n\tat org.testng.SuiteRunner.run(SuiteRunner.java:312)\r\n\tat org.testng.SuiteRunnerWorker.runSuite(SuiteRunnerWorker.java:52)\r\n\tat org.testng.SuiteRunnerWorker.run(SuiteRunnerWorker.java:95)\r\n\tat org.testng.TestNG.runSuitesSequentially(TestNG.java:1274)\r\n\tat org.testng.TestNG.runSuitesLocally(TestNG.java:1208)\r\n\tat org.testng.TestNG.runSuites(TestNG.java:1112)\r\n\tat org.testng.TestNG.run(TestNG.java:1079)\r\n\tat com.intellij.rt.testng.IDEARemoteTestNG.run(IDEARemoteTestNG.java:65)\r\n\tat com.intellij.rt.testng.RemoteTestNGStarter.main(RemoteTestNGStarter.java:105)\r\n","flaky":false,"newFailed":false,"newBroken":false,"newPassed":false,"retriesCount":13,"retriesStatusChange":true,"beforeStages":[{"name":"setUp","time":{"start":1770570250319,"stop":1770570273067,"duration":22748},"description":"","status":"passed","steps":[],"attachments":[],"parameters":[],"hasContent":false,"stepsCount":0,"shouldDisplayMessage":false,"attachmentsCount":0}],"testStage":{"description":"Verify that user cannot create a challenge missing title","status":"broken","statusMessage":"Expected condition failed: waiting for visibility of element located by By.xpath: //div[normalize-space()='Challenge with this title already exists.'] (tried for 10 second(s) with 500 milliseconds interval)\nBuild info: version: '4.39.0', revision: '126f156aee'\nSystem info: os.name: 'Windows 11', os.arch: 'amd64', os.version: '10.0', java.version: '24'\nDriver info: org.openqa.selenium.chrome.ChromeDriver\nCapabilities {acceptInsecureCerts: false, browserName: chrome, browserVersion: 144.0.7559.133, chrome: {chromedriverVersion: 144.0.7559.133 (7da823b1d59..., userDataDir: C:\\Users\\ADMIN\\AppData\\Loca...}, fedcm:accounts: true, goog:chromeOptions: {debuggerAddress: localhost:65449}, goog:processID: 25588, networkConnectionEnabled: false, pageLoadStrategy: normal, platformName: windows, proxy: Proxy(), se:cdp: ws://localhost:65449/devtoo..., se:cdpVersion: 144.0.7559.133, setWindowRect: true, strictFileInteractability: false, timeouts: {implicit: 0, pageLoad: 300000, script: 30000}, unhandledPromptBehavior: dismiss and notify, webauthn:extension:credBlob: true, webauthn:extension:largeBlob: true, webauthn:extension:minPinLength: true, webauthn:extension:prf: true, webauthn:virtualAuthenticators: true}\nSession ID: fd576807ecc5c015dfb3bb81ab22954d","statusTrace":"org.openqa.selenium.TimeoutException: Expected condition failed: waiting for visibility of element located by By.xpath: //div[normalize-space()='Challenge with this title already exists.'] (tried for 10 second(s) with 500 milliseconds interval)\nBuild info: version: '4.39.0', revision: '126f156aee'\nSystem info: os.name: 'Windows 11', os.arch: 'amd64', os.version: '10.0', java.version: '24'\nDriver info: org.openqa.selenium.chrome.ChromeDriver\nCapabilities {acceptInsecureCerts: false, browserName: chrome, browserVersion: 144.0.7559.133, chrome: {chromedriverVersion: 144.0.7559.133 (7da823b1d59..., userDataDir: C:\\Users\\ADMIN\\AppData\\Loca...}, fedcm:accounts: true, goog:chromeOptions: {debuggerAddress: localhost:65449}, goog:processID: 25588, networkConnectionEnabled: false, pageLoadStrategy: normal, platformName: windows, proxy: Proxy(), se:cdp: ws://localhost:65449/devtoo..., se:cdpVersion: 144.0.7559.133, setWindowRect: true, strictFileInteractability: false, timeouts: {implicit: 0, pageLoad: 300000, script: 30000}, unhandledPromptBehavior: dismiss and notify, webauthn:extension:credBlob: true, webauthn:extension:largeBlob: true, webauthn:extension:minPinLength: true, webauthn:extension:prf: true, webauthn:virtualAuthenticators: true}\nSession ID: fd576807ecc5c015dfb3bb81ab22954d\r\n\tat org.openqa.selenium.support.ui.WebDriverWait.timeoutException(WebDriverWait.java:84)\r\n\tat org.openqa.selenium.support.ui.FluentWait.until(FluentWait.java:228)\r\n\tat ctflearn.common.pages.BasePage.waitForElementVisible(BasePage.java:25)\r\n\tat ctflearn.common.pages.CreateChallengesPage.isInlineErrorExistTitleDisplayed(CreateChallengesPage.java:41)\r\n\tat ctflearn.com.tests.challenges.CreateChallengesTests.TC_UI_02_CreateChallenge_MissingTitle(CreateChallengesTests.java:50)\r\n\tat java.base/jdk.internal.reflect.DirectMethodHandleAccessor.invoke(DirectMethodHandleAccessor.java:104)\r\n\tat java.base/java.lang.reflect.Method.invoke(Method.java:565)\r\n\tat org.testng.internal.invokers.MethodInvocationHelper.invokeMethod(MethodInvocationHelper.java:141)\r\n\tat org.testng.internal.invokers.TestInvoker.invokeMethod(TestInvoker.java:687)\r\n\tat org.testng.internal.invokers.TestInvoker.invokeTestMethod(TestInvoker.java:230)\r\n\tat org.testng.internal.invokers.MethodRunner.runInSequence(MethodRunner.java:63)\r\n\tat org.testng.internal.invokers.TestInvoker$MethodInvocationAgent.invoke(TestInvoker.java:995)\r\n\tat org.testng.internal.invokers.TestInvoker.invokeTestMethods(TestInvoker.java:203)\r\n\tat org.testng.internal.invokers.TestMethodWorker.invokeTestMethods(TestMethodWorker.java:154)\r\n\tat org.testng.internal.invokers.TestMethodWorker.run(TestMethodWorker.java:134)\r\n\tat java.base/java.util.ArrayList.forEach(ArrayList.java:1604)\r\n\tat org.testng.TestRunner.privateRun(TestRunner.java:741)\r\n\tat org.testng.TestRunner.run(TestRunner.java:616)\r\n\tat org.testng.SuiteRunner.runTest(SuiteRunner.java:421)\r\n\tat org.testng.SuiteRunner.runSequentially(SuiteRunner.java:413)\r\n\tat org.testng.SuiteRunner.privateRun(SuiteRunner.java:373)\r\n\tat org.testng.SuiteRunner.run(SuiteRunner.java:312)\r\n\tat org.testng.SuiteRunnerWorker.runSuite(SuiteRunnerWorker.java:52)\r\n\tat org.testng.SuiteRunnerWorker.run(SuiteRunnerWorker.java:95)\r\n\tat org.testng.TestNG.runSuitesSequentially(TestNG.java:1274)\r\n\tat org.testng.TestNG.runSuitesLocally(TestNG.java:1208)\r\n\tat org.testng.TestNG.runSuites(TestNG.java:1112)\r\n\tat org.testng.TestNG.run(TestNG.java:1079)\r\n\tat com.intellij.rt.testng.IDEARemoteTestNG.run(IDEARemoteTestNG.java:65)\r\n\tat com.intellij.rt.testng.RemoteTestNGStarter.main(RemoteTestNGStarter.java:105)\r\n","steps":[{"name":"Login with username: ngan304","time":{"start":1770570273152,"stop":1770570277058,"duration":3906},"status":"passed","steps":[],"attachments":[],"parameters":[{"name":"username","value":"ngan304"},{"name":"password","value":"Password#123"}],"hasContent":true,"stepsCount":0,"shouldDisplayMessage":false,"attachmentsCount":0}],"attachments":[],"parameters":[],"hasContent":true,"stepsCount":1,"shouldDisplayMessage":true,"attachmentsCount":0},"afterStages":[],"labels":[{"name":"package","value":"ctflearn.com.tests.challenges.CreateChallengesTests"},{"name":"testClass","value":"ctflearn.com.tests.challenges.CreateChallengesTests"},{"name":"testMethod","value":"TC_UI_02_CreateChallenge_MissingTitle"},{"name":"parentSuite","value":"Default Suite"},{"name":"suite","value":"cbtw-automation-test"},{"name":"subSuite","value":"ctflearn.com.tests.challenges.CreateChallengesTests"},{"name":"host","value":"LAPTOP-C7HAQ6P8"},{"name":"thread","value":"26924@LAPTOP-C7HAQ6P8.main(3)"},{"name":"framework","value":"testng"},{"name":"language","value":"java"},{"name":"story","value":"User creates a new challenge"},{"name":"severity","value":"critical"},{"name":"resultFormat","value":"allure2"}],"parameters":[],"links":[],"hidden":false,"retry":false,"extra":{"severity":"critical","retries":[{"uid":"f6d1e02e3ff7ae0e","status":"broken","statusDetails":"Expected condition failed: waiting for element to be clickable: By.xpath: //a[text()='Login'] (tried for 10 second(s) with 500 milliseconds interval)\nBuild info: version: '4.39.0', revision: '126f156aee'\nSystem info: os.name: 'Windows 11', os.arch: 'amd64', os.version: '10.0', java.version: '24'\nDriver info: org.openqa.selenium.chrome.ChromeDriver\nCapabilities {acceptInsecureCerts: false, browserName: chrome, browserVersion: 144.0.7559.133, chrome: {chromedriverVersion: 144.0.7559.133 (7da823b1d59..., userDataDir: C:\\Users\\ADMIN\\AppData\\Loca...}, fedcm:accounts: true, goog:chromeOptions: {debuggerAddress: localhost:64320}, goog:processID: 27136, networkConnectionEnabled: false, pageLoadStrategy: normal, platformName: windows, proxy: Proxy(), se:cdp: ws://localhost:64320/devtoo..., se:cdpVersion: 144.0.7559.133, setWindowRect: true, strictFileInteractability: false, timeouts: {implicit: 0, pageLoad: 300000, script: 30000}, unhandledPromptBehavior: dismiss and notify, webauthn:extension:credBlob: true, webauthn:extension:largeBlob: true, webauthn:extension:minPinLength: true, webauthn:extension:prf: true, webauthn:virtualAuthenticators: true}\nSession ID: 1bb125105f624377df68be0cbbee6395","time":{"start":1770570232516,"stop":1770570242904,"duration":10388}},{"uid":"784865540378e6da","status":"skipped","statusDetails":"Expecting a stackmap frame at branch target 49\nException Details:\n  Location:\n    ctflearn/common/pages/LoginPage.logIntoApplication(Ljava/lang/String;Ljava/lang/String;)Lctflearn/common/pages/DashboardPage; @19: invokestatic\n  Reason:\n    Expected stackmap frame at this location.\n  Bytecode:\n    0000000: 2b3a 042c 3a05 b200 672a 2a19 0419 05b8\n    0000010: 006d 4eb8 0073 2db6 0077 2ab6 003a 2a2b\n    0000020: b600 3d2a 2cb6 0041 2ab6 0044 3a07 a700\n    0000030: 103a 06b8 0073 1906 b600 7b19 06bf b800\n    0000040: 73b6 007e 1907 b0                      \n  Exception Handler Table:\n    bci [19, 49] => handler: 49\n","time":{"start":1770570056639,"stop":1770570056644,"duration":5}},{"uid":"9d539b676f77ae0d","status":"skipped","statusDetails":"Expecting a stackmap frame at branch target 49\nException Details:\n  Location:\n    ctflearn/common/pages/LoginPage.logIntoApplication(Ljava/lang/String;Ljava/lang/String;)Lctflearn/common/pages/DashboardPage; @19: invokestatic\n  Reason:\n    Expected stackmap frame at this location.\n  Bytecode:\n    0000000: 2b3a 042c 3a05 b200 672a 2a19 0419 05b8\n    0000010: 006d 4eb8 0073 2db6 0077 2ab6 003a 2a2b\n    0000020: b600 3d2a 2cb6 0041 2ab6 0044 3a07 a700\n    0000030: 103a 06b8 0073 1906 b600 7b19 06bf b800\n    0000040: 73b6 007e 1907 b0                      \n  Exception Handler Table:\n    bci [19, 49] => handler: 49\n","time":{"start":1770569490779,"stop":1770569490783,"duration":4}},{"uid":"1cbd2ce26b3fcf4c","status":"skipped","statusDetails":"Expecting a stackmap frame at branch target 49\nException Details:\n  Location:\n    ctflearn/common/pages/LoginPage.logIntoApplication(Ljava/lang/String;Ljava/lang/String;)Lctflearn/common/pages/DashboardPage; @19: invokestatic\n  Reason:\n    Expected stackmap frame at this location.\n  Bytecode:\n    0000000: 2b3a 042c 3a05 b200 672a 2a19 0419 05b8\n    0000010: 006d 4eb8 0073 2db6 0077 2ab6 003a 2a2b\n    0000020: b600 3d2a 2cb6 0041 2ab6 0044 3a07 a700\n    0000030: 103a 06b8 0073 1906 b600 7b19 06bf b800\n    0000040: 73b6 007e 1907 b0                      \n  Exception Handler Table:\n    bci [19, 49] => handler: 49\n","time":{"start":1770569461261,"stop":1770569461263,"duration":2}},{"uid":"dd54264afe7583c2","status":"skipped","statusDetails":"Expecting a stackmap frame at branch target 49\nException Details:\n  Location:\n    ctflearn/common/pages/LoginPage.logIntoApplication(Ljava/lang/String;Ljava/lang/String;)Lctflearn/common/pages/DashboardPage; @19: invokestatic\n  Reason:\n    Expected stackmap frame at this location.\n  Bytecode:\n    0000000: 2b3a 042c 3a05 b200 672a 2a19 0419 05b8\n    0000010: 006d 4eb8 0073 2db6 0077 2ab6 003a 2a2b\n    0000020: b600 3d2a 2cb6 0041 2ab6 0044 3a07 a700\n    0000030: 103a 06b8 0073 1906 b600 7b19 06bf b800\n    0000040: 73b6 007e 1907 b0                      \n  Exception Handler Table:\n    bci [19, 49] => handler: 49\n","time":{"start":1770569231206,"stop":1770569231207,"duration":1}},{"uid":"14166d5bc4fcf8e6","status":"skipped","statusDetails":"Expecting a stackmap frame at branch target 49\nException Details:\n  Location:\n    ctflearn/common/pages/LoginPage.logIntoApplication(Ljava/lang/String;Ljava/lang/String;)Lctflearn/common/pages/DashboardPage; @19: invokestatic\n  Reason:\n    Expected stackmap frame at this location.\n  Bytecode:\n    0000000: 2b3a 042c 3a05 b200 672a 2a19 0419 05b8\n    0000010: 006d 4eb8 0073 2db6 0077 2ab6 003a 2a2b\n    0000020: b600 3d2a 2cb6 0041 2ab6 0044 3a07 a700\n    0000030: 103a 06b8 0073 1906 b600 7b19 06bf b800\n    0000040: 73b6 007e 1907 b0                      \n  Exception Handler Table:\n    bci [19, 49] => handler: 49\n","time":{"start":1770569174404,"stop":1770569174405,"duration":1}},{"uid":"df5a732026e6700b","status":"skipped","statusDetails":"Expecting a stackmap frame at branch target 49\nException Details:\n  Location:\n    ctflearn/common/pages/LoginPage.logIntoApplication(Ljava/lang/String;Ljava/lang/String;)Lctflearn/common/pages/DashboardPage; @19: invokestatic\n  Reason:\n    Expected stackmap frame at this location.\n  Bytecode:\n    0000000: 2b3a 042c 3a05 b200 672a 2a19 0419 05b8\n    0000010: 006d 4eb8 0073 2db6 0077 2ab6 003a 2a2b\n    0000020: b600 3d2a 2cb6 0041 2ab6 0044 3a07 a700\n    0000030: 103a 06b8 0073 1906 b600 7b19 06bf b800\n    0000040: 73b6 007e 1907 b0                      \n  Exception Handler Table:\n    bci [19, 49] => handler: 49\n","time":{"start":1770568942177,"stop":1770568942178,"duration":1}},{"uid":"686fb8edf6178712","status":"skipped","statusDetails":"Expecting a stackmap frame at branch target 49\nException Details:\n  Location:\n    ctflearn/common/pages/LoginPage.logIntoApplication(Ljava/lang/String;Ljava/lang/String;)Lctflearn/common/pages/DashboardPage; @19: invokestatic\n  Reason:\n    Expected stackmap frame at this location.\n  Bytecode:\n    0000000: 2b3a 042c 3a05 b200 672a 2a19 0419 05b8\n    0000010: 006d 4eb8 0073 2db6 0077 2ab6 003a 2a2b\n    0000020: b600 3d2a 2cb6 0041 2ab6 0044 3a07 a700\n    0000030: 103a 06b8 0073 1906 b600 7b19 06bf b800\n    0000040: 73b6 007e 1907 b0                      \n  Exception Handler Table:\n    bci [19, 49] => handler: 49\n","time":{"start":1770568921762,"stop":1770568921768,"duration":6}},{"uid":"eb264ec4dbfc474","status":"broken","statusDetails":"Expected condition failed: waiting for visibility of element located by By.xpath: //div[normalize-space()='Challenge with this title already exists.'] (tried for 10 second(s) with 500 milliseconds interval)\nBuild info: version: '4.39.0', revision: '126f156aee'\nSystem info: os.name: 'Windows 11', os.arch: 'amd64', os.version: '10.0', java.version: '24'\nDriver info: org.openqa.selenium.chrome.ChromeDriver\nCapabilities {acceptInsecureCerts: false, browserName: chrome, browserVersion: 144.0.7559.133, chrome: {chromedriverVersion: 144.0.7559.133 (7da823b1d59..., userDataDir: C:\\Users\\ADMIN\\AppData\\Loca...}, fedcm:accounts: true, goog:chromeOptions: {debuggerAddress: localhost:57736}, goog:processID: 11940, networkConnectionEnabled: false, pageLoadStrategy: normal, platformName: windows, proxy: Proxy(), se:cdp: ws://localhost:57736/devtoo..., se:cdpVersion: 144.0.7559.133, setWindowRect: true, strictFileInteractability: false, timeouts: {implicit: 0, pageLoad: 300000, script: 30000}, unhandledPromptBehavior: dismiss and notify, webauthn:extension:credBlob: true, webauthn:extension:largeBlob: true, webauthn:extension:minPinLength: true, webauthn:extension:prf: true, webauthn:virtualAuthenticators: true}\nSession ID: a5150de20213b9e66747fa0e7d7664dc","time":{"start":1770567688212,"stop":1770567718576,"duration":30364}},{"uid":"baf912a9ef3a646c","status":"broken","statusDetails":"Expected condition failed: waiting for visibility of element located by By.xpath: //div[normalize-space()='Challenge with this title already exists.'] (tried for 10 second(s) with 500 milliseconds interval)\nBuild info: version: '4.39.0', revision: '126f156aee'\nSystem info: os.name: 'Windows 11', os.arch: 'amd64', os.version: '10.0', java.version: '24'\nDriver info: org.openqa.selenium.chrome.ChromeDriver\nCapabilities {acceptInsecureCerts: false, browserName: chrome, browserVersion: 144.0.7559.133, chrome: {chromedriverVersion: 144.0.7559.133 (7da823b1d59..., userDataDir: C:\\Users\\ADMIN\\AppData\\Loca...}, fedcm:accounts: true, goog:chromeOptions: {debuggerAddress: localhost:52737}, goog:processID: 25692, networkConnectionEnabled: false, pageLoadStrategy: normal, platformName: windows, proxy: Proxy(), se:cdp: ws://localhost:52737/devtoo..., se:cdpVersion: 144.0.7559.133, setWindowRect: true, strictFileInteractability: false, timeouts: {implicit: 0, pageLoad: 300000, script: 30000}, unhandledPromptBehavior: dismiss and notify, webauthn:extension:credBlob: true, webauthn:extension:largeBlob: true, webauthn:extension:minPinLength: true, webauthn:extension:prf: true, webauthn:virtualAuthenticators: true}\nSession ID: 3bc1df1ae0f1df3d2bdeccd17d220453","time":{"start":1770567608150,"stop":1770567625004,"duration":16854}},{"uid":"410d9c0c07d25816","status":"broken","statusDetails":"Expected condition failed: waiting for visibility of element located by By.xpath: //div[normalize-space()='Challenge with this title already exists.'] (tried for 10 second(s) with 500 milliseconds interval)\nBuild info: version: '4.39.0', revision: '126f156aee'\nSystem info: os.name: 'Windows 11', os.arch: 'amd64', os.version: '10.0', java.version: '24'\nDriver info: org.openqa.selenium.chrome.ChromeDriver\nCapabilities {acceptInsecureCerts: false, browserName: chrome, browserVersion: 144.0.7559.133, chrome: {chromedriverVersion: 144.0.7559.133 (7da823b1d59..., userDataDir: C:\\Users\\ADMIN\\AppData\\Loca...}, fedcm:accounts: true, goog:chromeOptions: {debuggerAddress: localhost:63078}, goog:processID: 9332, networkConnectionEnabled: false, pageLoadStrategy: normal, platformName: windows, proxy: Proxy(), se:cdp: ws://localhost:63078/devtoo..., se:cdpVersion: 144.0.7559.133, setWindowRect: true, strictFileInteractability: false, timeouts: {implicit: 0, pageLoad: 300000, script: 30000}, unhandledPromptBehavior: dismiss and notify, webauthn:extension:credBlob: true, webauthn:extension:largeBlob: true, webauthn:extension:minPinLength: true, webauthn:extension:prf: true, webauthn:virtualAuthenticators: true}\nSession ID: 0c1af9ecb2ea141e55af6973a43934f6","time":{"start":1770567084951,"stop":1770567101636,"duration":16685}},{"uid":"d2661cc555c2f1c4","status":"passed","time":{"start":1770566377380,"stop":1770566388340,"duration":10960}},{"uid":"e6f096aef583bb91","status":"broken","statusDetails":"Cannot invoke \"ctflearn.common.pages.LoginPage.logIntoApplication(String, String)\" because \"this.loginPage\" is null","time":{"start":1770566044397,"stop":1770566044410,"duration":13}}],"categories":[{"name":"Test defects","matchedStatuses":[],"flaky":false}],"tags":[]},"source":"12029c941b2063e5.json","parameterValues":[]}